<?xml version="1.0" encoding="UTF-8"?>
<testng-results skipped="0" failed="0" ignored="0" total="1" passed="1">
  <reporter-output>
  </reporter-output>
  <suite name="Default suite" duration-ms="11006" started-at="2019-03-07T09:50:53Z" finished-at="2019-03-07T09:51:04Z">
    <groups>
    </groups>
    <test name="Default test" duration-ms="11006" started-at="2019-03-07T09:50:53Z" finished-at="2019-03-07T09:51:04Z">
      <class name="mavenProject.Google">
        <test-method status="PASS" signature="LaunchAppTest()[pri:0, instance:mavenProject.Google@5419f379]" name="LaunchAppTest" is-config="true" duration-ms="7533" started-at="2019-03-07T15:20:53Z" finished-at="2019-03-07T15:21:01Z">
          <reporter-output>
          </reporter-output>
        </test-method> <!-- LaunchAppTest -->
        <test-method status="PASS" signature="LaunchTest()[pri:0, instance:mavenProject.Google@5419f379]" name="LaunchTest" duration-ms="17" started-at="2019-03-07T15:21:01Z" finished-at="2019-03-07T15:21:01Z">
          <reporter-output>
          </reporter-output>
        </test-method> <!-- LaunchTest -->
        <test-method status="PASS" signature="afterTest()[pri:0, instance:mavenProject.Google@5419f379]" name="afterTest" is-config="true" duration-ms="3427" started-at="2019-03-07T15:21:01Z" finished-at="2019-03-07T15:21:04Z">
          <reporter-output>
          </reporter-output>
        </test-method> <!-- afterTest -->
      </class> <!-- mavenProject.Google -->
    </test> <!-- Default test -->
  </suite> <!-- Default suite -->
</testng-results>
